# JRE version: Java(TM) SE Runtime Environment (8.0_121-b13) (build 1.8.0_121-b13)
# Java VM: Java HotSpot(TM) 64-Bit Server VM (25.121-b13 mixed mode windows-amd64 compressed oops)
Heap:
 PSYoungGen      total 15872K, used 12509K [0x00000000f5700000, 0x00000000f6c00000, 0x0000000100000000)
  eden space 15360K, 79% used [0x00000000f5700000,0x00000000f62dc5f0,0x00000000f6600000)
  from space 512K, 71% used [0x00000000f6600000,0x00000000f665b010,0x00000000f6680000)
  to   space 3072K, 0% used [0x00000000f6900000,0x00000000f6900000,0x00000000f6c00000)
 ParOldGen       total 22016K, used 3614K [0x00000000e0400000, 0x00000000e1980000, 0x00000000f5700000)
  object space 22016K, 16% used [0x00000000e0400000,0x00000000e0787950,0x00000000e1980000)
 Metaspace       used 8912K, capacity 9146K, committed 9344K, reserved 1056768K
  class space    used 1037K, capacity 1125K, committed 1152K, reserved 1048576K
GC Heap History (10 events):
Event: 7.052 GC heap before
{Heap before GC invocations=5 (full 0):
 PSYoungGen      total 18432K, used 17895K [0x00000000f5700000, 0x00000000f6a00000, 0x0000000100000000)
  eden space 17408K, 98% used [0x00000000f5700000,0x00000000f67b9bf8,0x00000000f6800000)
  from space 1024K, 75% used [0x00000000f6900000,0x00000000f69c0020,0x00000000f6a00000)
  to   space 1024K, 0% used [0x00000000f6800000,0x00000000f6800000,0x00000000f6900000)
 ParOldGen       total 22016K, used 2865K [0x00000000e0400000, 0x00000000e1980000, 0x00000000f5700000)
  object space 22016K, 13% used [0x00000000e0400000,0x00000000e06cc5d8,0x00000000e1980000)
 Metaspace       used 8831K, capacity 9082K, committed 9344K, reserved 1056768K
  class space    used 1036K, capacity 1125K, committed 1152K, reserved 1048576K
Event: 7.056 GC heap after
Heap after GC invocations=5 (full 0):
 PSYoungGen      total 17920K, used 1020K [0x00000000f5700000, 0x00000000f6e80000, 0x0000000100000000)
  eden space 16896K, 0% used [0x00000000f5700000,0x00000000f5700000,0x00000000f6780000)
  from space 1024K, 99% used [0x00000000f6800000,0x00000000f68ff020,0x00000000f6900000)
  to   space 3584K, 0% used [0x00000000f6b00000,0x00000000f6b00000,0x00000000f6e80000)
 ParOldGen       total 22016K, used 2881K [0x00000000e0400000, 0x00000000e1980000, 0x00000000f5700000)
  object space 22016K, 13% used [0x00000000e0400000,0x00000000e06d05d8,0x00000000e1980000)
 Metaspace       used 8831K, capacity 9082K, committed 9344K, reserved 1056768K
  class space    used 1036K, capacity 1125K, committed 1152K, reserved 1048576K
}
Event: 8.555 GC heap before
{Heap before GC invocations=6 (full 0):
 PSYoungGen      total 17920K, used 17786K [0x00000000f5700000, 0x00000000f6e80000, 0x0000000100000000)
  eden space 16896K, 99% used [0x00000000f5700000,0x00000000f675f9e0,0x00000000f6780000)
  from space 1024K, 99% used [0x00000000f6800000,0x00000000f68ff020,0x00000000f6900000)
  to   space 3584K, 0% used [0x00000000f6b00000,0x00000000f6b00000,0x00000000f6e80000)
 ParOldGen       total 22016K, used 2881K [0x00000000e0400000, 0x00000000e1980000, 0x00000000f5700000)
  object space 22016K, 13% used [0x00000000e0400000,0x00000000e06d05d8,0x00000000e1980000)
 Metaspace       used 8846K, capacity 9082K, committed 9344K, reserved 1056768K
  class space    used 1036K, capacity 1125K, committed 1152K, reserved 1048576K
Event: 8.558 GC heap after
Heap after GC invocations=6 (full 0):
 PSYoungGen      total 19456K, used 768K [0x00000000f5700000, 0x00000000f6e00000, 0x0000000100000000)
  eden space 16384K, 0% used [0x00000000f5700000,0x00000000f5700000,0x00000000f6700000)
  from space 3072K, 25% used [0x00000000f6b00000,0x00000000f6bc0020,0x00000000f6e00000)
  to   space 3584K, 0% used [0x00000000f6700000,0x00000000f6700000,0x00000000f6a80000)
 ParOldGen       total 22016K, used 2881K [0x00000000e0400000, 0x00000000e1980000, 0x00000000f5700000)
  object space 22016K, 13% used [0x00000000e0400000,0x00000000e06d05d8,0x00000000e1980000)
 Metaspace       used 8846K, capacity 9082K, committed 9344K, reserved 1056768K
  class space    used 1036K, capacity 1125K, committed 1152K, reserved 1048576K
}
Event: 9.929 GC heap before
{Heap before GC invocations=7 (full 0):
 PSYoungGen      total 19456K, used 17152K [0x00000000f5700000, 0x00000000f6e00000, 0x0000000100000000)
  eden space 16384K, 100% used [0x00000000f5700000,0x00000000f6700000,0x00000000f6700000)
  from space 3072K, 25% used [0x00000000f6b00000,0x00000000f6bc0020,0x00000000f6e00000)
  to   space 3584K, 0% used [0x00000000f6700000,0x00000000f6700000,0x00000000f6a80000)
 ParOldGen       total 22016K, used 2881K [0x00000000e0400000, 0x00000000e1980000, 0x00000000f5700000)
  object space 22016K, 13% used [0x00000000e0400000,0x00000000e06d05d8,0x00000000e1980000)
 Metaspace       used 8875K, capacity 9082K, committed 9344K, reserved 1056768K
  class space    used 1036K, capacity 1125K, committed 1152K, reserved 1048576K
Event: 9.931 GC heap after
Heap after GC invocations=7 (full 0):
 PSYoungGen      total 16384K, used 396K [0x00000000f5700000, 0x00000000f6d80000, 0x0000000100000000)
  eden space 15872K, 0% used [0x00000000f5700000,0x00000000f5700000,0x00000000f6680000)
  from space 512K, 77% used [0x00000000f6700000,0x00000000f6763010,0x00000000f6780000)
  to   space 3584K, 0% used [0x00000000f6a00000,0x00000000f6a00000,0x00000000f6d80000)
 ParOldGen       total 22016K, used 3590K [0x00000000e0400000, 0x00000000e1980000, 0x00000000f5700000)
  object space 22016K, 16% used [0x00000000e0400000,0x00000000e0781950,0x00000000e1980000)
 Metaspace       used 8875K, capacity 9082K, committed 9344K, reserved 1056768K
  class space    used 1036K, capacity 1125K, committed 1152K, reserved 1048576K
}
Event: 11.272 GC heap before
{Heap before GC invocations=8 (full 0):
 PSYoungGen      total 16384K, used 16154K [0x00000000f5700000, 0x00000000f6d80000, 0x0000000100000000)
  eden space 15872K, 99% used [0x00000000f5700000,0x00000000f6663870,0x00000000f6680000)
  from space 512K, 77% used [0x00000000f6700000,0x00000000f6763010,0x00000000f6780000)
  to   space 3584K, 0% used [0x00000000f6a00000,0x00000000f6a00000,0x00000000f6d80000)
 ParOldGen       total 22016K, used 3590K [0x00000000e0400000, 0x00000000e1980000, 0x00000000f5700000)
  object space 22016K, 16% used [0x00000000e0400000,0x00000000e0781950,0x00000000e1980000)
 Metaspace       used 8889K, capacity 9082K, committed 9344K, reserved 1056768K
  class space    used 1036K, capacity 1125K, committed 1152K, reserved 1048576K
Event: 11.272 GC heap after
Heap after GC invocations=8 (full 0):
 PSYoungGen      total 18432K, used 96K [0x00000000f5700000, 0x00000000f6d00000, 0x0000000100000000)
  eden space 15360K, 0% used [0x00000000f5700000,0x00000000f5700000,0x00000000f6600000)
  from space 3072K, 3% used [0x00000000f6a00000,0x00000000f6a18000,0x00000000f6d00000)
  to   space 3584K, 0% used [0x00000000f6600000,0x00000000f6600000,0x00000000f6980000)
 ParOldGen       total 22016K, used 3598K [0x00000000e0400000, 0x00000000e1980000, 0x00000000f5700000)
  object space 22016K, 16% used [0x00000000e0400000,0x00000000e0783950,0x00000000e1980000)
 Metaspace       used 8889K, capacity 9082K, committed 9344K, reserved 1056768K
  class space    used 1036K, capacity 1125K, committed 1152K, reserved 1048576K
}
Event: 12.555 GC heap before
{Heap before GC invocations=9 (full 0):
 PSYoungGen      total 18432K, used 15173K [0x00000000f5700000, 0x00000000f6d00000, 0x0000000100000000)
  eden space 15360K, 98% used [0x00000000f5700000,0x00000000f65b94d8,0x00000000f6600000)
  from space 3072K, 3% used [0x00000000f6a00000,0x00000000f6a18000,0x00000000f6d00000)
  to   space 3584K, 0% used [0x00000000f6600000,0x00000000f6600000,0x00000000f6980000)
 ParOldGen       total 22016K, used 3598K [0x00000000e0400000, 0x00000000e1980000, 0x00000000f5700000)
  object space 22016K, 16% used [0x00000000e0400000,0x00000000e0783950,0x00000000e1980000)
 Metaspace       used 8891K, capacity 9082K, committed 9344K, reserved 1056768K
  class space    used 1036K, capacity 1125K, committed 1152K, reserved 1048576K
Event: 12.557 GC heap after
Heap after GC invocations=9 (full 0):
 PSYoungGen      total 15872K, used 364K [0x00000000f5700000, 0x00000000f6c00000, 0x0000000100000000)
  eden space 15360K, 0% used [0x00000000f5700000,0x00000000f5700000,0x00000000f6600000)
  from space 512K, 71% used [0x00000000f6600000,0x00000000f665b010,0x00000000f6680000)
  to   space 3072K, 0% used [0x00000000f6900000,0x00000000f6900000,0x00000000f6c00000)
 ParOldGen       total 22016K, used 3614K [0x00000000e0400000, 0x00000000e1980000, 0x00000000f5700000)
  object space 22016K, 16% used [0x00000000e0400000,0x00000000e0787950,0x00000000e1980000)
 Metaspace       used 8891K, capacity 9082K, committed 9344K, reserved 1056768K
  class space    used 1036K, capacity 1125K, committed 1152K, reserved 1048576K
}

