# JRE version: Java(TM) SE Runtime Environment (8.0_121-b13) (build 1.8.0_121-b13)
# Java VM: Java HotSpot(TM) 64-Bit Server VM (25.121-b13 mixed mode windows-amd64 compressed oops)
Heap:
 PSYoungGen      total 10240K, used 5719K [0x00000000f5700000, 0x00000000f6280000, 0x0000000100000000)
  eden space 8704K, 61% used [0x00000000f5700000,0x00000000f5c3ac20,0x00000000f5f80000)
  from space 1536K, 23% used [0x00000000f6100000,0x00000000f615b010,0x00000000f6280000)
  to   space 1536K, 0% used [0x00000000f5f80000,0x00000000f5f80000,0x00000000f6100000)
 ParOldGen       total 22016K, used 3810K [0x00000000e0400000, 0x00000000e1980000, 0x00000000f5700000)
  object space 22016K, 17% used [0x00000000e0400000,0x00000000e07b8960,0x00000000e1980000)
 Metaspace       used 9203K, capacity 9406K, committed 9600K, reserved 1058816K
  class space    used 1063K, capacity 1125K, committed 1152K, reserved 1048576K
GC Heap History (10 events):
Event: 21.903 GC heap before
{Heap before GC invocations=24 (full 0):
 PSYoungGen      total 10752K, used 8943K [0x00000000f5700000, 0x00000000f6380000, 0x0000000100000000)
  eden space 8704K, 98% used [0x00000000f5700000,0x00000000f5f60e10,0x00000000f5f80000)
  from space 2048K, 17% used [0x00000000f5f80000,0x00000000f5fdb010,0x00000000f6180000)
  to   space 2048K, 0% used [0x00000000f6180000,0x00000000f6180000,0x00000000f6380000)
 ParOldGen       total 22016K, used 3762K [0x00000000e0400000, 0x00000000e1980000, 0x00000000f5700000)
  object space 22016K, 17% used [0x00000000e0400000,0x00000000e07ac960,0x00000000e1980000)
 Metaspace       used 9179K, capacity 9342K, committed 9600K, reserved 1058816K
  class space    used 1060K, capacity 1125K, committed 1152K, reserved 1048576K
Event: 21.903 GC heap after
Heap after GC invocations=24 (full 0):
 PSYoungGen      total 10752K, used 364K [0x00000000f5700000, 0x00000000f6380000, 0x0000000100000000)
  eden space 8704K, 0% used [0x00000000f5700000,0x00000000f5700000,0x00000000f5f80000)
  from space 2048K, 17% used [0x00000000f6180000,0x00000000f61db010,0x00000000f6380000)
  to   space 2048K, 0% used [0x00000000f5f80000,0x00000000f5f80000,0x00000000f6180000)
 ParOldGen       total 22016K, used 3770K [0x00000000e0400000, 0x00000000e1980000, 0x00000000f5700000)
  object space 22016K, 17% used [0x00000000e0400000,0x00000000e07ae960,0x00000000e1980000)
 Metaspace       used 9179K, capacity 9342K, committed 9600K, reserved 1058816K
  class space    used 1060K, capacity 1125K, committed 1152K, reserved 1048576K
}
Event: 22.583 GC heap before
{Heap before GC invocations=25 (full 0):
 PSYoungGen      total 10752K, used 8943K [0x00000000f5700000, 0x00000000f6380000, 0x0000000100000000)
  eden space 8704K, 98% used [0x00000000f5700000,0x00000000f5f60e28,0x00000000f5f80000)
  from space 2048K, 17% used [0x00000000f6180000,0x00000000f61db010,0x00000000f6380000)
  to   space 2048K, 0% used [0x00000000f5f80000,0x00000000f5f80000,0x00000000f6180000)
 ParOldGen       total 22016K, used 3770K [0x00000000e0400000, 0x00000000e1980000, 0x00000000f5700000)
  object space 22016K, 17% used [0x00000000e0400000,0x00000000e07ae960,0x00000000e1980000)
 Metaspace       used 9179K, capacity 9342K, committed 9600K, reserved 1058816K
  class space    used 1060K, capacity 1125K, committed 1152K, reserved 1048576K
Event: 22.584 GC heap after
Heap after GC invocations=25 (full 0):
 PSYoungGen      total 10752K, used 364K [0x00000000f5700000, 0x00000000f6380000, 0x0000000100000000)
  eden space 8704K, 0% used [0x00000000f5700000,0x00000000f5700000,0x00000000f5f80000)
  from space 2048K, 17% used [0x00000000f5f80000,0x00000000f5fdb010,0x00000000f6180000)
  to   space 2048K, 0% used [0x00000000f6180000,0x00000000f6180000,0x00000000f6380000)
 ParOldGen       total 22016K, used 3778K [0x00000000e0400000, 0x00000000e1980000, 0x00000000f5700000)
  object space 22016K, 17% used [0x00000000e0400000,0x00000000e07b0960,0x00000000e1980000)
 Metaspace       used 9179K, capacity 9342K, committed 9600K, reserved 1058816K
  class space    used 1060K, capacity 1125K, committed 1152K, reserved 1048576K
}
Event: 23.288 GC heap before
{Heap before GC invocations=26 (full 0):
 PSYoungGen      total 10752K, used 8943K [0x00000000f5700000, 0x00000000f6380000, 0x0000000100000000)
  eden space 8704K, 98% used [0x00000000f5700000,0x00000000f5f60e38,0x00000000f5f80000)
  from space 2048K, 17% used [0x00000000f5f80000,0x00000000f5fdb010,0x00000000f6180000)
  to   space 2048K, 0% used [0x00000000f6180000,0x00000000f6180000,0x00000000f6380000)
 ParOldGen       total 22016K, used 3778K [0x00000000e0400000, 0x00000000e1980000, 0x00000000f5700000)
  object space 22016K, 17% used [0x00000000e0400000,0x00000000e07b0960,0x00000000e1980000)
 Metaspace       used 9180K, capacity 9342K, committed 9600K, reserved 1058816K
  class space    used 1060K, capacity 1125K, committed 1152K, reserved 1048576K
Event: 23.289 GC heap after
Heap after GC invocations=26 (full 0):
 PSYoungGen      total 9728K, used 364K [0x00000000f5700000, 0x00000000f6280000, 0x0000000100000000)
  eden space 8704K, 0% used [0x00000000f5700000,0x00000000f5700000,0x00000000f5f80000)
  from space 1024K, 35% used [0x00000000f6180000,0x00000000f61db010,0x00000000f6280000)
  to   space 1536K, 0% used [0x00000000f5f80000,0x00000000f5f80000,0x00000000f6100000)
 ParOldGen       total 22016K, used 3786K [0x00000000e0400000, 0x00000000e1980000, 0x00000000f5700000)
  object space 22016K, 17% used [0x00000000e0400000,0x00000000e07b2960,0x00000000e1980000)
 Metaspace       used 9180K, capacity 9342K, committed 9600K, reserved 1058816K
  class space    used 1060K, capacity 1125K, committed 1152K, reserved 1048576K
}
Event: 24.008 GC heap before
{Heap before GC invocations=27 (full 0):
 PSYoungGen      total 9728K, used 9030K [0x00000000f5700000, 0x00000000f6280000, 0x0000000100000000)
  eden space 8704K, 99% used [0x00000000f5700000,0x00000000f5f76ab8,0x00000000f5f80000)
  from space 1024K, 35% used [0x00000000f6180000,0x00000000f61db010,0x00000000f6280000)
  to   space 1536K, 0% used [0x00000000f5f80000,0x00000000f5f80000,0x00000000f6100000)
 ParOldGen       total 22016K, used 3786K [0x00000000e0400000, 0x00000000e1980000, 0x00000000f5700000)
  object space 22016K, 17% used [0x00000000e0400000,0x00000000e07b2960,0x00000000e1980000)
 Metaspace       used 9197K, capacity 9406K, committed 9600K, reserved 1058816K
  class space    used 1063K, capacity 1125K, committed 1152K, reserved 1048576K
Event: 24.009 GC heap after
Heap after GC invocations=27 (full 0):
 PSYoungGen      total 10240K, used 396K [0x00000000f5700000, 0x00000000f6280000, 0x0000000100000000)
  eden space 8704K, 0% used [0x00000000f5700000,0x00000000f5700000,0x00000000f5f80000)
  from space 1536K, 25% used [0x00000000f5f80000,0x00000000f5fe3010,0x00000000f6100000)
  to   space 1536K, 0% used [0x00000000f6100000,0x00000000f6100000,0x00000000f6280000)
 ParOldGen       total 22016K, used 3794K [0x00000000e0400000, 0x00000000e1980000, 0x00000000f5700000)
  object space 22016K, 17% used [0x00000000e0400000,0x00000000e07b4960,0x00000000e1980000)
 Metaspace       used 9197K, capacity 9406K, committed 9600K, reserved 1058816K
  class space    used 1063K, capacity 1125K, committed 1152K, reserved 1048576K
}
Event: 24.682 GC heap before
{Heap before GC invocations=28 (full 0):
 PSYoungGen      total 10240K, used 9031K [0x00000000f5700000, 0x00000000f6280000, 0x0000000100000000)
  eden space 8704K, 99% used [0x00000000f5700000,0x00000000f5f6eea8,0x00000000f5f80000)
  from space 1536K, 25% used [0x00000000f5f80000,0x00000000f5fe3010,0x00000000f6100000)
  to   space 1536K, 0% used [0x00000000f6100000,0x00000000f6100000,0x00000000f6280000)
 ParOldGen       total 22016K, used 3794K [0x00000000e0400000, 0x00000000e1980000, 0x00000000f5700000)
  object space 22016K, 17% used [0x00000000e0400000,0x00000000e07b4960,0x00000000e1980000)
 Metaspace       used 9199K, capacity 9406K, committed 9600K, reserved 1058816K
  class space    used 1063K, capacity 1125K, committed 1152K, reserved 1048576K
Event: 24.682 GC heap after
Heap after GC invocations=28 (full 0):
 PSYoungGen      total 10240K, used 364K [0x00000000f5700000, 0x00000000f6280000, 0x0000000100000000)
  eden space 8704K, 0% used [0x00000000f5700000,0x00000000f5700000,0x00000000f5f80000)
  from space 1536K, 23% used [0x00000000f6100000,0x00000000f615b010,0x00000000f6280000)
  to   space 1536K, 0% used [0x00000000f5f80000,0x00000000f5f80000,0x00000000f6100000)
 ParOldGen       total 22016K, used 3810K [0x00000000e0400000, 0x00000000e1980000, 0x00000000f5700000)
  object space 22016K, 17% used [0x00000000e0400000,0x00000000e07b8960,0x00000000e1980000)
 Metaspace       used 9199K, capacity 9406K, committed 9600K, reserved 1058816K
  class space    used 1063K, capacity 1125K, committed 1152K, reserved 1048576K
}

