# JRE version: Java(TM) SE Runtime Environment (8.0_121-b13) (build 1.8.0_121-b13)
# Java VM: Java HotSpot(TM) 64-Bit Server VM (25.121-b13 mixed mode windows-amd64 compressed oops)
Heap:
 PSYoungGen      total 18432K, used 12573K [0x00000000f5700000, 0x00000000f6a00000, 0x0000000100000000)
  eden space 17408K, 66% used [0x00000000f5700000,0x00000000f6249408,0x00000000f6800000)
  from space 1024K, 99% used [0x00000000f6900000,0x00000000f69fe040,0x00000000f6a00000)
  to   space 1024K, 0% used [0x00000000f6800000,0x00000000f6800000,0x00000000f6900000)
 ParOldGen       total 22016K, used 2905K [0x00000000e0400000, 0x00000000e1980000, 0x00000000f5700000)
  object space 22016K, 13% used [0x00000000e0400000,0x00000000e06d65e8,0x00000000e1980000)
 Metaspace       used 9002K, capacity 9194K, committed 9344K, reserved 1056768K
  class space    used 1057K, capacity 1125K, committed 1152K, reserved 1048576K
GC Heap History (8 events):
Event: 1.234 GC heap before
{Heap before GC invocations=1 (full 0):
 PSYoungGen      total 9728K, used 8704K [0x00000000f5700000, 0x00000000f6180000, 0x0000000100000000)
  eden space 8704K, 100% used [0x00000000f5700000,0x00000000f5f80000,0x00000000f5f80000)
  from space 1024K, 0% used [0x00000000f6080000,0x00000000f6080000,0x00000000f6180000)
  to   space 1024K, 0% used [0x00000000f5f80000,0x00000000f5f80000,0x00000000f6080000)
 ParOldGen       total 22016K, used 0K [0x00000000e0400000, 0x00000000e1980000, 0x00000000f5700000)
  object space 22016K, 0% used [0x00000000e0400000,0x00000000e0400000,0x00000000e1980000)
 Metaspace       used 8932K, capacity 9130K, committed 9344K, reserved 1056768K
  class space    used 1053K, capacity 1125K, committed 1152K, reserved 1048576K
Event: 1.247 GC heap after
Heap after GC invocations=1 (full 0):
 PSYoungGen      total 9728K, used 1000K [0x00000000f5700000, 0x00000000f6a00000, 0x0000000100000000)
  eden space 8704K, 0% used [0x00000000f5700000,0x00000000f5700000,0x00000000f5f80000)
  from space 1024K, 97% used [0x00000000f5f80000,0x00000000f607a030,0x00000000f6080000)
  to   space 1024K, 0% used [0x00000000f6900000,0x00000000f6900000,0x00000000f6a00000)
 ParOldGen       total 22016K, used 2873K [0x00000000e0400000, 0x00000000e1980000, 0x00000000f5700000)
  object space 22016K, 13% used [0x00000000e0400000,0x00000000e06ce5d8,0x00000000e1980000)
 Metaspace       used 8932K, capacity 9130K, committed 9344K, reserved 1056768K
  class space    used 1053K, capacity 1125K, committed 1152K, reserved 1048576K
}
Event: 1.756 GC heap before
{Heap before GC invocations=2 (full 0):
 PSYoungGen      total 9728K, used 9704K [0x00000000f5700000, 0x00000000f6a00000, 0x0000000100000000)
  eden space 8704K, 100% used [0x00000000f5700000,0x00000000f5f80000,0x00000000f5f80000)
  from space 1024K, 97% used [0x00000000f5f80000,0x00000000f607a030,0x00000000f6080000)
  to   space 1024K, 0% used [0x00000000f6900000,0x00000000f6900000,0x00000000f6a00000)
 ParOldGen       total 22016K, used 2873K [0x00000000e0400000, 0x00000000e1980000, 0x00000000f5700000)
  object space 22016K, 13% used [0x00000000e0400000,0x00000000e06ce5d8,0x00000000e1980000)
 Metaspace       used 8965K, capacity 9130K, committed 9344K, reserved 1056768K
  class space    used 1056K, capacity 1125K, committed 1152K, reserved 1048576K
Event: 1.761 GC heap after
Heap after GC invocations=2 (full 0):
 PSYoungGen      total 18432K, used 1016K [0x00000000f5700000, 0x00000000f6a00000, 0x0000000100000000)
  eden space 17408K, 0% used [0x00000000f5700000,0x00000000f5700000,0x00000000f6800000)
  from space 1024K, 99% used [0x00000000f6900000,0x00000000f69fe040,0x00000000f6a00000)
  to   space 1024K, 0% used [0x00000000f6800000,0x00000000f6800000,0x00000000f6900000)
 ParOldGen       total 22016K, used 2881K [0x00000000e0400000, 0x00000000e1980000, 0x00000000f5700000)
  object space 22016K, 13% used [0x00000000e0400000,0x00000000e06d05d8,0x00000000e1980000)
 Metaspace       used 8965K, capacity 9130K, committed 9344K, reserved 1056768K
  class space    used 1056K, capacity 1125K, committed 1152K, reserved 1048576K
}
Event: 2.464 GC heap before
{Heap before GC invocations=3 (full 0):
 PSYoungGen      total 18432K, used 18131K [0x00000000f5700000, 0x00000000f6a00000, 0x0000000100000000)
  eden space 17408K, 98% used [0x00000000f5700000,0x00000000f67b6bc8,0x00000000f6800000)
  from space 1024K, 99% used [0x00000000f6900000,0x00000000f69fe040,0x00000000f6a00000)
  to   space 1024K, 0% used [0x00000000f6800000,0x00000000f6800000,0x00000000f6900000)
 ParOldGen       total 22016K, used 2881K [0x00000000e0400000, 0x00000000e1980000, 0x00000000f5700000)
  object space 22016K, 13% used [0x00000000e0400000,0x00000000e06d05d8,0x00000000e1980000)
 Metaspace       used 8984K, capacity 9194K, committed 9344K, reserved 1056768K
  class space    used 1056K, capacity 1125K, committed 1152K, reserved 1048576K
Event: 2.466 GC heap after
Heap after GC invocations=3 (full 0):
 PSYoungGen      total 18432K, used 764K [0x00000000f5700000, 0x00000000f6a00000, 0x0000000100000000)
  eden space 17408K, 0% used [0x00000000f5700000,0x00000000f5700000,0x00000000f6800000)
  from space 1024K, 74% used [0x00000000f6800000,0x00000000f68bf020,0x00000000f6900000)
  to   space 1024K, 0% used [0x00000000f6900000,0x00000000f6900000,0x00000000f6a00000)
 ParOldGen       total 22016K, used 2881K [0x00000000e0400000, 0x00000000e1980000, 0x00000000f5700000)
  object space 22016K, 13% used [0x00000000e0400000,0x00000000e06d05d8,0x00000000e1980000)
 Metaspace       used 8984K, capacity 9194K, committed 9344K, reserved 1056768K
  class space    used 1056K, capacity 1125K, committed 1152K, reserved 1048576K
}
Event: 3.174 GC heap before
{Heap before GC invocations=4 (full 0):
 PSYoungGen      total 18432K, used 18172K [0x00000000f5700000, 0x00000000f6a00000, 0x0000000100000000)
  eden space 17408K, 100% used [0x00000000f5700000,0x00000000f6800000,0x00000000f6800000)
  from space 1024K, 74% used [0x00000000f6800000,0x00000000f68bf020,0x00000000f6900000)
  to   space 1024K, 0% used [0x00000000f6900000,0x00000000f6900000,0x00000000f6a00000)
 ParOldGen       total 22016K, used 2881K [0x00000000e0400000, 0x00000000e1980000, 0x00000000f5700000)
  object space 22016K, 13% used [0x00000000e0400000,0x00000000e06d05d8,0x00000000e1980000)
 Metaspace       used 8991K, capacity 9194K, committed 9344K, reserved 1056768K
  class space    used 1056K, capacity 1125K, committed 1152K, reserved 1048576K
Event: 3.181 GC heap after
Heap after GC invocations=4 (full 0):
 PSYoungGen      total 18432K, used 1016K [0x00000000f5700000, 0x00000000f6a00000, 0x0000000100000000)
  eden space 17408K, 0% used [0x00000000f5700000,0x00000000f5700000,0x00000000f6800000)
  from space 1024K, 99% used [0x00000000f6900000,0x00000000f69fe040,0x00000000f6a00000)
  to   space 1024K, 0% used [0x00000000f6800000,0x00000000f6800000,0x00000000f6900000)
 ParOldGen       total 22016K, used 2905K [0x00000000e0400000, 0x00000000e1980000, 0x00000000f5700000)
  object space 22016K, 13% used [0x00000000e0400000,0x00000000e06d65e8,0x00000000e1980000)
 Metaspace       used 8991K, capacity 9194K, committed 9344K, reserved 1056768K
  class space    used 1056K, capacity 1125K, committed 1152K, reserved 1048576K
}

