# JRE version: Java(TM) SE Runtime Environment (8.0_121-b13) (build 1.8.0_121-b13)
# Java VM: Java HotSpot(TM) 64-Bit Server VM (25.121-b13 mixed mode windows-amd64 compressed oops)
Heap:
 PSYoungGen      total 10752K, used 6353K [0x00000000f5700000, 0x00000000f6380000, 0x0000000100000000)
  eden space 8704K, 71% used [0x00000000f5700000,0x00000000f5d1c638,0x00000000f5f80000)
  from space 2048K, 4% used [0x00000000f6180000,0x00000000f6198000,0x00000000f6380000)
  to   space 2048K, 0% used [0x00000000f5f80000,0x00000000f5f80000,0x00000000f6180000)
 ParOldGen       total 22016K, used 1745K [0x00000000e0400000, 0x00000000e1980000, 0x00000000f5700000)
  object space 22016K, 7% used [0x00000000e0400000,0x00000000e05b4718,0x00000000e1980000)
 Metaspace       used 8942K, capacity 9150K, committed 9344K, reserved 1056768K
  class space    used 1058K, capacity 1125K, committed 1152K, reserved 1048576K
GC Heap History (10 events):
Event: 3.748 GC heap before
{Heap before GC invocations=4 (full 0):
 PSYoungGen      total 9728K, used 9682K [0x00000000f5700000, 0x00000000f6180000, 0x0000000100000000)
  eden space 8704K, 99% used [0x00000000f5700000,0x00000000f5f79ae0,0x00000000f5f80000)
  from space 1024K, 98% used [0x00000000f5f80000,0x00000000f607b030,0x00000000f6080000)
  to   space 1024K, 0% used [0x00000000f6080000,0x00000000f6080000,0x00000000f6180000)
 ParOldGen       total 22016K, used 741K [0x00000000e0400000, 0x00000000e1980000, 0x00000000f5700000)
  object space 22016K, 3% used [0x00000000e0400000,0x00000000e04b96b8,0x00000000e1980000)
 Metaspace       used 8858K, capacity 9014K, committed 9088K, reserved 1056768K
  class space    used 1054K, capacity 1125K, committed 1152K, reserved 1048576K
Event: 3.749 GC heap after
Heap after GC invocations=4 (full 0):
 PSYoungGen      total 9728K, used 1004K [0x00000000f5700000, 0x00000000f6180000, 0x0000000100000000)
  eden space 8704K, 0% used [0x00000000f5700000,0x00000000f5700000,0x00000000f5f80000)
  from space 1024K, 98% used [0x00000000f6080000,0x00000000f617b010,0x00000000f6180000)
  to   space 1024K, 0% used [0x00000000f5f80000,0x00000000f5f80000,0x00000000f6080000)
 ParOldGen       total 22016K, used 757K [0x00000000e0400000, 0x00000000e1980000, 0x00000000f5700000)
  object space 22016K, 3% used [0x00000000e0400000,0x00000000e04bd6b8,0x00000000e1980000)
 Metaspace       used 8858K, capacity 9014K, committed 9088K, reserved 1056768K
  class space    used 1054K, capacity 1125K, committed 1152K, reserved 1048576K
}
Event: 4.596 GC heap before
{Heap before GC invocations=5 (full 0):
 PSYoungGen      total 9728K, used 9608K [0x00000000f5700000, 0x00000000f6180000, 0x0000000100000000)
  eden space 8704K, 98% used [0x00000000f5700000,0x00000000f5f67028,0x00000000f5f80000)
  from space 1024K, 98% used [0x00000000f6080000,0x00000000f617b010,0x00000000f6180000)
  to   space 1024K, 0% used [0x00000000f5f80000,0x00000000f5f80000,0x00000000f6080000)
 ParOldGen       total 22016K, used 757K [0x00000000e0400000, 0x00000000e1980000, 0x00000000f5700000)
  object space 22016K, 3% used [0x00000000e0400000,0x00000000e04bd6b8,0x00000000e1980000)
 Metaspace       used 8881K, capacity 9086K, committed 9344K, reserved 1056768K
  class space    used 1054K, capacity 1125K, committed 1152K, reserved 1048576K
Event: 4.600 GC heap after
Heap after GC invocations=5 (full 0):
 PSYoungGen      total 9728K, used 1020K [0x00000000f5700000, 0x00000000f6380000, 0x0000000100000000)
  eden space 8704K, 0% used [0x00000000f5700000,0x00000000f5700000,0x00000000f5f80000)
  from space 1024K, 99% used [0x00000000f5f80000,0x00000000f607f020,0x00000000f6080000)
  to   space 2048K, 0% used [0x00000000f6180000,0x00000000f6180000,0x00000000f6380000)
 ParOldGen       total 22016K, used 757K [0x00000000e0400000, 0x00000000e1980000, 0x00000000f5700000)
  object space 22016K, 3% used [0x00000000e0400000,0x00000000e04bd6b8,0x00000000e1980000)
 Metaspace       used 8881K, capacity 9086K, committed 9344K, reserved 1056768K
  class space    used 1054K, capacity 1125K, committed 1152K, reserved 1048576K
}
Event: 5.365 GC heap before
{Heap before GC invocations=6 (full 0):
 PSYoungGen      total 9728K, used 9436K [0x00000000f5700000, 0x00000000f6380000, 0x0000000100000000)
  eden space 8704K, 96% used [0x00000000f5700000,0x00000000f5f382c0,0x00000000f5f80000)
  from space 1024K, 99% used [0x00000000f5f80000,0x00000000f607f020,0x00000000f6080000)
  to   space 2048K, 0% used [0x00000000f6180000,0x00000000f6180000,0x00000000f6380000)
 ParOldGen       total 22016K, used 757K [0x00000000e0400000, 0x00000000e1980000, 0x00000000f5700000)
  object space 22016K, 3% used [0x00000000e0400000,0x00000000e04bd6b8,0x00000000e1980000)
 Metaspace       used 8905K, capacity 9086K, committed 9344K, reserved 1056768K
  class space    used 1057K, capacity 1125K, committed 1152K, reserved 1048576K
Event: 5.369 GC heap after
Heap after GC invocations=6 (full 0):
 PSYoungGen      total 10752K, used 1052K [0x00000000f5700000, 0x00000000f6380000, 0x0000000100000000)
  eden space 8704K, 0% used [0x00000000f5700000,0x00000000f5700000,0x00000000f5f80000)
  from space 2048K, 51% used [0x00000000f6180000,0x00000000f6287020,0x00000000f6380000)
  to   space 2048K, 0% used [0x00000000f5f80000,0x00000000f5f80000,0x00000000f6180000)
 ParOldGen       total 22016K, used 765K [0x00000000e0400000, 0x00000000e1980000, 0x00000000f5700000)
  object space 22016K, 3% used [0x00000000e0400000,0x00000000e04bf6b8,0x00000000e1980000)
 Metaspace       used 8905K, capacity 9086K, committed 9344K, reserved 1056768K
  class space    used 1057K, capacity 1125K, committed 1152K, reserved 1048576K
}
Event: 6.160 GC heap before
{Heap before GC invocations=7 (full 0):
 PSYoungGen      total 10752K, used 9693K [0x00000000f5700000, 0x00000000f6380000, 0x0000000100000000)
  eden space 8704K, 99% used [0x00000000f5700000,0x00000000f5f70568,0x00000000f5f80000)
  from space 2048K, 51% used [0x00000000f6180000,0x00000000f6287020,0x00000000f6380000)
  to   space 2048K, 0% used [0x00000000f5f80000,0x00000000f5f80000,0x00000000f6180000)
 ParOldGen       total 22016K, used 765K [0x00000000e0400000, 0x00000000e1980000, 0x00000000f5700000)
  object space 22016K, 3% used [0x00000000e0400000,0x00000000e04bf6b8,0x00000000e1980000)
 Metaspace       used 8926K, capacity 9086K, committed 9344K, reserved 1056768K
  class space    used 1057K, capacity 1125K, committed 1152K, reserved 1048576K
Event: 6.162 GC heap after
Heap after GC invocations=7 (full 0):
 PSYoungGen      total 10752K, used 96K [0x00000000f5700000, 0x00000000f6380000, 0x0000000100000000)
  eden space 8704K, 0% used [0x00000000f5700000,0x00000000f5700000,0x00000000f5f80000)
  from space 2048K, 4% used [0x00000000f5f80000,0x00000000f5f98000,0x00000000f6180000)
  to   space 2048K, 0% used [0x00000000f6180000,0x00000000f6180000,0x00000000f6380000)
 ParOldGen       total 22016K, used 1737K [0x00000000e0400000, 0x00000000e1980000, 0x00000000f5700000)
  object space 22016K, 7% used [0x00000000e0400000,0x00000000e05b2718,0x00000000e1980000)
 Metaspace       used 8926K, capacity 9086K, committed 9344K, reserved 1056768K
  class space    used 1057K, capacity 1125K, committed 1152K, reserved 1048576K
}
Event: 7.001 GC heap before
{Heap before GC invocations=8 (full 0):
 PSYoungGen      total 10752K, used 8699K [0x00000000f5700000, 0x00000000f6380000, 0x0000000100000000)
  eden space 8704K, 98% used [0x00000000f5700000,0x00000000f5f66fd0,0x00000000f5f80000)
  from space 2048K, 4% used [0x00000000f5f80000,0x00000000f5f98000,0x00000000f6180000)
  to   space 2048K, 0% used [0x00000000f6180000,0x00000000f6180000,0x00000000f6380000)
 ParOldGen       total 22016K, used 1737K [0x00000000e0400000, 0x00000000e1980000, 0x00000000f5700000)
  object space 22016K, 7% used [0x00000000e0400000,0x00000000e05b2718,0x00000000e1980000)
 Metaspace       used 8933K, capacity 9086K, committed 9344K, reserved 1056768K
  class space    used 1057K, capacity 1125K, committed 1152K, reserved 1048576K
Event: 7.002 GC heap after
Heap after GC invocations=8 (full 0):
 PSYoungGen      total 10752K, used 96K [0x00000000f5700000, 0x00000000f6380000, 0x0000000100000000)
  eden space 8704K, 0% used [0x00000000f5700000,0x00000000f5700000,0x00000000f5f80000)
  from space 2048K, 4% used [0x00000000f6180000,0x00000000f6198000,0x00000000f6380000)
  to   space 2048K, 0% used [0x00000000f5f80000,0x00000000f5f80000,0x00000000f6180000)
 ParOldGen       total 22016K, used 1745K [0x00000000e0400000, 0x00000000e1980000, 0x00000000f5700000)
  object space 22016K, 7% used [0x00000000e0400000,0x00000000e05b4718,0x00000000e1980000)
 Metaspace       used 8933K, capacity 9086K, committed 9344K, reserved 1056768K
  class space    used 1057K, capacity 1125K, committed 1152K, reserved 1048576K
}

