# JRE version: Java(TM) SE Runtime Environment (8.0_121-b13) (build 1.8.0_121-b13)
# Java VM: Java HotSpot(TM) 64-Bit Server VM (25.121-b13 mixed mode windows-amd64 compressed oops)
Heap:
 PSYoungGen      total 12288K, used 8281K [0x00000000f5700000, 0x00000000f6680000, 0x0000000100000000)
  eden space 8704K, 94% used [0x00000000f5700000,0x00000000f5efe718,0x00000000f5f80000)
  from space 3584K, 2% used [0x00000000f5f80000,0x00000000f5f98000,0x00000000f6300000)
  to   space 3584K, 0% used [0x00000000f6300000,0x00000000f6300000,0x00000000f6680000)
 ParOldGen       total 22016K, used 3278K [0x00000000e0400000, 0x00000000e1980000, 0x00000000f5700000)
  object space 22016K, 14% used [0x00000000e0400000,0x00000000e0733950,0x00000000e1980000)
 Metaspace       used 8814K, capacity 9010K, committed 9088K, reserved 1056768K
  class space    used 1034K, capacity 1125K, committed 1152K, reserved 1048576K
GC Heap History (10 events):
Event: 2.842 GC heap before
{Heap before GC invocations=3 (full 0):
 PSYoungGen      total 9728K, used 9327K [0x00000000f5700000, 0x00000000f6a00000, 0x0000000100000000)
  eden space 8704K, 98% used [0x00000000f5700000,0x00000000f5f5bec8,0x00000000f5f80000)
  from space 1024K, 75% used [0x00000000f6900000,0x00000000f69c0020,0x00000000f6a00000)
  to   space 1024K, 0% used [0x00000000f5f80000,0x00000000f5f80000,0x00000000f6080000)
 ParOldGen       total 22016K, used 2537K [0x00000000e0400000, 0x00000000e1980000, 0x00000000f5700000)
  object space 22016K, 11% used [0x00000000e0400000,0x00000000e067a5d8,0x00000000e1980000)
 Metaspace       used 8760K, capacity 8978K, committed 9088K, reserved 1056768K
  class space    used 1033K, capacity 1093K, committed 1152K, reserved 1048576K
Event: 2.844 GC heap after
Heap after GC invocations=3 (full 0):
 PSYoungGen      total 9728K, used 1020K [0x00000000f5700000, 0x00000000f6980000, 0x0000000100000000)
  eden space 8704K, 0% used [0x00000000f5700000,0x00000000f5700000,0x00000000f5f80000)
  from space 1024K, 99% used [0x00000000f5f80000,0x00000000f607f020,0x00000000f6080000)
  to   space 1024K, 0% used [0x00000000f6880000,0x00000000f6880000,0x00000000f6980000)
 ParOldGen       total 22016K, used 2569K [0x00000000e0400000, 0x00000000e1980000, 0x00000000f5700000)
  object space 22016K, 11% used [0x00000000e0400000,0x00000000e06825d8,0x00000000e1980000)
 Metaspace       used 8760K, capacity 8978K, committed 9088K, reserved 1056768K
  class space    used 1033K, capacity 1093K, committed 1152K, reserved 1048576K
}
Event: 3.545 GC heap before
{Heap before GC invocations=4 (full 0):
 PSYoungGen      total 9728K, used 9451K [0x00000000f5700000, 0x00000000f6980000, 0x0000000100000000)
  eden space 8704K, 96% used [0x00000000f5700000,0x00000000f5f3bbe0,0x00000000f5f80000)
  from space 1024K, 99% used [0x00000000f5f80000,0x00000000f607f020,0x00000000f6080000)
  to   space 1024K, 0% used [0x00000000f6880000,0x00000000f6880000,0x00000000f6980000)
 ParOldGen       total 22016K, used 2569K [0x00000000e0400000, 0x00000000e1980000, 0x00000000f5700000)
  object space 22016K, 11% used [0x00000000e0400000,0x00000000e06825d8,0x00000000e1980000)
 Metaspace       used 8771K, capacity 8978K, committed 9088K, reserved 1056768K
  class space    used 1033K, capacity 1093K, committed 1152K, reserved 1048576K
Event: 3.546 GC heap after
Heap after GC invocations=4 (full 0):
 PSYoungGen      total 9728K, used 736K [0x00000000f5700000, 0x00000000f6980000, 0x0000000100000000)
  eden space 8704K, 0% used [0x00000000f5700000,0x00000000f5700000,0x00000000f5f80000)
  from space 1024K, 71% used [0x00000000f6880000,0x00000000f6938020,0x00000000f6980000)
  to   space 1024K, 0% used [0x00000000f5f80000,0x00000000f5f80000,0x00000000f6080000)
 ParOldGen       total 22016K, used 2577K [0x00000000e0400000, 0x00000000e1980000, 0x00000000f5700000)
  object space 22016K, 11% used [0x00000000e0400000,0x00000000e06845d8,0x00000000e1980000)
 Metaspace       used 8771K, capacity 8978K, committed 9088K, reserved 1056768K
  class space    used 1033K, capacity 1093K, committed 1152K, reserved 1048576K
}
Event: 4.236 GC heap before
{Heap before GC invocations=5 (full 0):
 PSYoungGen      total 9728K, used 9353K [0x00000000f5700000, 0x00000000f6980000, 0x0000000100000000)
  eden space 8704K, 99% used [0x00000000f5700000,0x00000000f5f6a650,0x00000000f5f80000)
  from space 1024K, 71% used [0x00000000f6880000,0x00000000f6938020,0x00000000f6980000)
  to   space 1024K, 0% used [0x00000000f5f80000,0x00000000f5f80000,0x00000000f6080000)
 ParOldGen       total 22016K, used 2577K [0x00000000e0400000, 0x00000000e1980000, 0x00000000f5700000)
  object space 22016K, 11% used [0x00000000e0400000,0x00000000e06845d8,0x00000000e1980000)
 Metaspace       used 8776K, capacity 8978K, committed 9088K, reserved 1056768K
  class space    used 1033K, capacity 1093K, committed 1152K, reserved 1048576K
Event: 4.239 GC heap after
Heap after GC invocations=5 (full 0):
 PSYoungGen      total 9728K, used 768K [0x00000000f5700000, 0x00000000f6900000, 0x0000000100000000)
  eden space 8704K, 0% used [0x00000000f5700000,0x00000000f5700000,0x00000000f5f80000)
  from space 1024K, 75% used [0x00000000f5f80000,0x00000000f6040000,0x00000000f6080000)
  to   space 3584K, 0% used [0x00000000f6580000,0x00000000f6580000,0x00000000f6900000)
 ParOldGen       total 22016K, used 2577K [0x00000000e0400000, 0x00000000e1980000, 0x00000000f5700000)
  object space 22016K, 11% used [0x00000000e0400000,0x00000000e06845d8,0x00000000e1980000)
 Metaspace       used 8776K, capacity 8978K, committed 9088K, reserved 1056768K
  class space    used 1033K, capacity 1093K, committed 1152K, reserved 1048576K
}
Event: 4.920 GC heap before
{Heap before GC invocations=6 (full 0):
 PSYoungGen      total 9728K, used 9369K [0x00000000f5700000, 0x00000000f6900000, 0x0000000100000000)
  eden space 8704K, 98% used [0x00000000f5700000,0x00000000f5f66518,0x00000000f5f80000)
  from space 1024K, 75% used [0x00000000f5f80000,0x00000000f6040000,0x00000000f6080000)
  to   space 3584K, 0% used [0x00000000f6580000,0x00000000f6580000,0x00000000f6900000)
 ParOldGen       total 22016K, used 2577K [0x00000000e0400000, 0x00000000e1980000, 0x00000000f5700000)
  object space 22016K, 11% used [0x00000000e0400000,0x00000000e06845d8,0x00000000e1980000)
 Metaspace       used 8787K, capacity 8978K, committed 9088K, reserved 1056768K
  class space    used 1033K, capacity 1093K, committed 1152K, reserved 1048576K
Event: 4.921 GC heap after
Heap after GC invocations=6 (full 0):
 PSYoungGen      total 9728K, used 784K [0x00000000f5700000, 0x00000000f6680000, 0x0000000100000000)
  eden space 8704K, 0% used [0x00000000f5700000,0x00000000f5700000,0x00000000f5f80000)
  from space 1024K, 76% used [0x00000000f6580000,0x00000000f6644010,0x00000000f6680000)
  to   space 3584K, 0% used [0x00000000f5f80000,0x00000000f5f80000,0x00000000f6300000)
 ParOldGen       total 22016K, used 2577K [0x00000000e0400000, 0x00000000e1980000, 0x00000000f5700000)
  object space 22016K, 11% used [0x00000000e0400000,0x00000000e06845d8,0x00000000e1980000)
 Metaspace       used 8787K, capacity 8978K, committed 9088K, reserved 1056768K
  class space    used 1033K, capacity 1093K, committed 1152K, reserved 1048576K
}
Event: 5.610 GC heap before
{Heap before GC invocations=7 (full 0):
 PSYoungGen      total 9728K, used 9374K [0x00000000f5700000, 0x00000000f6680000, 0x0000000100000000)
  eden space 8704K, 98% used [0x00000000f5700000,0x00000000f5f63b38,0x00000000f5f80000)
  from space 1024K, 76% used [0x00000000f6580000,0x00000000f6644010,0x00000000f6680000)
  to   space 3584K, 0% used [0x00000000f5f80000,0x00000000f5f80000,0x00000000f6300000)
 ParOldGen       total 22016K, used 2577K [0x00000000e0400000, 0x00000000e1980000, 0x00000000f5700000)
  object space 22016K, 11% used [0x00000000e0400000,0x00000000e06845d8,0x00000000e1980000)
 Metaspace       used 8803K, capacity 8978K, committed 9088K, reserved 1056768K
  class space    used 1033K, capacity 1093K, committed 1152K, reserved 1048576K
Event: 5.611 GC heap after
Heap after GC invocations=7 (full 0):
 PSYoungGen      total 12288K, used 96K [0x00000000f5700000, 0x00000000f6680000, 0x0000000100000000)
  eden space 8704K, 0% used [0x00000000f5700000,0x00000000f5700000,0x00000000f5f80000)
  from space 3584K, 2% used [0x00000000f5f80000,0x00000000f5f98000,0x00000000f6300000)
  to   space 3584K, 0% used [0x00000000f6300000,0x00000000f6300000,0x00000000f6680000)
 ParOldGen       total 22016K, used 3278K [0x00000000e0400000, 0x00000000e1980000, 0x00000000f5700000)
  object space 22016K, 14% used [0x00000000e0400000,0x00000000e0733950,0x00000000e1980000)
 Metaspace       used 8803K, capacity 8978K, committed 9088K, reserved 1056768K
  class space    used 1033K, capacity 1093K, committed 1152K, reserved 1048576K
}

