# JRE version: Java(TM) SE Runtime Environment (8.0_121-b13) (build 1.8.0_121-b13)
# Java VM: Java HotSpot(TM) 64-Bit Server VM (25.121-b13 mixed mode windows-amd64 compressed oops)
Heap:
 PSYoungGen      total 9728K, used 2196K [0x00000000f5700000, 0x00000000f6180000, 0x0000000100000000)
  eden space 8704K, 13% used [0x00000000f5700000,0x00000000f582a028,0x00000000f5f80000)
  from space 1024K, 98% used [0x00000000f5f80000,0x00000000f607b030,0x00000000f6080000)
  to   space 1024K, 0% used [0x00000000f6080000,0x00000000f6080000,0x00000000f6180000)
 ParOldGen       total 22016K, used 2901K [0x00000000e0400000, 0x00000000e1980000, 0x00000000f5700000)
  object space 22016K, 13% used [0x00000000e0400000,0x00000000e06d55e8,0x00000000e1980000)
 Metaspace       used 8980K, capacity 9142K, committed 9344K, reserved 1056768K
  class space    used 1056K, capacity 1125K, committed 1152K, reserved 1048576K
GC Heap History (6 events):
Event: 1.367 GC heap before
{Heap before GC invocations=1 (full 0):
 PSYoungGen      total 9728K, used 8611K [0x00000000f5700000, 0x00000000f6180000, 0x0000000100000000)
  eden space 8704K, 98% used [0x00000000f5700000,0x00000000f5f68d50,0x00000000f5f80000)
  from space 1024K, 0% used [0x00000000f6080000,0x00000000f6080000,0x00000000f6180000)
  to   space 1024K, 0% used [0x00000000f5f80000,0x00000000f5f80000,0x00000000f6080000)
 ParOldGen       total 22016K, used 0K [0x00000000e0400000, 0x00000000e1980000, 0x00000000f5700000)
  object space 22016K, 0% used [0x00000000e0400000,0x00000000e0400000,0x00000000e1980000)
 Metaspace       used 8966K, capacity 9142K, committed 9344K, reserved 1056768K
  class space    used 1056K, capacity 1125K, committed 1152K, reserved 1048576K
Event: 1.370 GC heap after
Heap after GC invocations=1 (full 0):
 PSYoungGen      total 9728K, used 1004K [0x00000000f5700000, 0x00000000f6180000, 0x0000000100000000)
  eden space 8704K, 0% used [0x00000000f5700000,0x00000000f5700000,0x00000000f5f80000)
  from space 1024K, 98% used [0x00000000f5f80000,0x00000000f607b010,0x00000000f6080000)
  to   space 1024K, 0% used [0x00000000f6080000,0x00000000f6080000,0x00000000f6180000)
 ParOldGen       total 22016K, used 2561K [0x00000000e0400000, 0x00000000e1980000, 0x00000000f5700000)
  object space 22016K, 11% used [0x00000000e0400000,0x00000000e06805d8,0x00000000e1980000)
 Metaspace       used 8966K, capacity 9142K, committed 9344K, reserved 1056768K
  class space    used 1056K, capacity 1125K, committed 1152K, reserved 1048576K
}
Event: 1.661 GC heap before
{Heap before GC invocations=2 (full 0):
 PSYoungGen      total 9728K, used 9552K [0x00000000f5700000, 0x00000000f6180000, 0x0000000100000000)
  eden space 8704K, 98% used [0x00000000f5700000,0x00000000f5f59110,0x00000000f5f80000)
  from space 1024K, 98% used [0x00000000f5f80000,0x00000000f607b010,0x00000000f6080000)
  to   space 1024K, 0% used [0x00000000f6080000,0x00000000f6080000,0x00000000f6180000)
 ParOldGen       total 22016K, used 2561K [0x00000000e0400000, 0x00000000e1980000, 0x00000000f5700000)
  object space 22016K, 11% used [0x00000000e0400000,0x00000000e06805d8,0x00000000e1980000)
 Metaspace       used 8972K, capacity 9142K, committed 9344K, reserved 1056768K
  class space    used 1056K, capacity 1125K, committed 1152K, reserved 1048576K
Event: 1.663 GC heap after
Heap after GC invocations=2 (full 0):
 PSYoungGen      total 9728K, used 1004K [0x00000000f5700000, 0x00000000f6180000, 0x0000000100000000)
  eden space 8704K, 0% used [0x00000000f5700000,0x00000000f5700000,0x00000000f5f80000)
  from space 1024K, 98% used [0x00000000f6080000,0x00000000f617b030,0x00000000f6180000)
  to   space 1024K, 0% used [0x00000000f5f80000,0x00000000f5f80000,0x00000000f6080000)
 ParOldGen       total 22016K, used 2585K [0x00000000e0400000, 0x00000000e1980000, 0x00000000f5700000)
  object space 22016K, 11% used [0x00000000e0400000,0x00000000e06865d8,0x00000000e1980000)
 Metaspace       used 8972K, capacity 9142K, committed 9344K, reserved 1056768K
  class space    used 1056K, capacity 1125K, committed 1152K, reserved 1048576K
}
Event: 2.057 GC heap before
{Heap before GC invocations=3 (full 0):
 PSYoungGen      total 9728K, used 9708K [0x00000000f5700000, 0x00000000f6180000, 0x0000000100000000)
  eden space 8704K, 100% used [0x00000000f5700000,0x00000000f5f80000,0x00000000f5f80000)
  from space 1024K, 98% used [0x00000000f6080000,0x00000000f617b030,0x00000000f6180000)
  to   space 1024K, 0% used [0x00000000f5f80000,0x00000000f5f80000,0x00000000f6080000)
 ParOldGen       total 22016K, used 2585K [0x00000000e0400000, 0x00000000e1980000, 0x00000000f5700000)
  object space 22016K, 11% used [0x00000000e0400000,0x00000000e06865d8,0x00000000e1980000)
 Metaspace       used 8980K, capacity 9142K, committed 9344K, reserved 1056768K
  class space    used 1056K, capacity 1125K, committed 1152K, reserved 1048576K
Event: 2.059 GC heap after
Heap after GC invocations=3 (full 0):
 PSYoungGen      total 9728K, used 1004K [0x00000000f5700000, 0x00000000f6180000, 0x0000000100000000)
  eden space 8704K, 0% used [0x00000000f5700000,0x00000000f5700000,0x00000000f5f80000)
  from space 1024K, 98% used [0x00000000f5f80000,0x00000000f607b030,0x00000000f6080000)
  to   space 1024K, 0% used [0x00000000f6080000,0x00000000f6080000,0x00000000f6180000)
 ParOldGen       total 22016K, used 2901K [0x00000000e0400000, 0x00000000e1980000, 0x00000000f5700000)
  object space 22016K, 13% used [0x00000000e0400000,0x00000000e06d55e8,0x00000000e1980000)
 Metaspace       used 8980K, capacity 9142K, committed 9344K, reserved 1056768K
  class space    used 1056K, capacity 1125K, committed 1152K, reserved 1048576K
}

